----------------8<-------------[ START TEST 
        ðŸ’» ALL TESTS: 

ulimit -n 30

./a.out /bin/ls
./a.out /bin/ls microshell.c
./a.out /bin/ls salut
./a.out ";"
./a.out ";" ";" ";" ";" ";" ";" ";" ";" ";" ";" ";" ";" ";" ";" ";" ";" ";" ";" ";" ";" ";" ";" ";"
./a.out ";" ";" /bin/echo OK
./a.out ";" ";" /bin/echo OK ";"
./a.out ";" ";" /bin/echo OK ";" ";"
./a.out ";" ";" /bin/echo OK ";" ";" ";" /bin/echo OK
./a.out /bin/ls "|" /usr/bin/grep a.out
./a.out /bin/ls "|" /usr/bin/grep microshell "|" /usr/bin/grep micro
./a.out /bin/ls "|" /usr/bin/grep microshell "|" /usr/bin/grep micro "|" /usr/bin/grep shell "|" /usr/bin/grep micro "|" /usr/bin/grep micro "|" /usr/bin/grep micro "|" /usr/bin/grep micro "|" /usr/bin/grep micro "|" /usr/bin/grep micro "|" /usr/bin/grep micro "|" /usr/bin/grep micro "|" /usr/bin/grep micro "|" /usr/bin/grep micro "|" /usr/bin/grep micro "|" /usr/bin/grep micro "|" /usr/bin/grep micro "|" /usr/bin/grep micro "|" /usr/bin/grep micro "|" /usr/bin/grep micro "|" /usr/bin/grep micro "|" /usr/bin/grep micro "|" /usr/bin/grep micro "|" /usr/bin/grep micro "|" /usr/bin/grep micro "|" /usr/bin/grep micro "|" /usr/bin/grep micro "|" /usr/bin/grep micro "|" /usr/bin/grep micro "|" /usr/bin/grep micro "|" /usr/bin/grep micro "|" /usr/bin/grep micro "|" /usr/bin/grep micro "|" /usr/bin/grep micro "|" /usr/bin/grep micro "|" /usr/bin/grep micro "|" /usr/bin/grep micro "|" /usr/bin/grep micro
./a.out /bin/ls "|" /usr/bin/grep microshell "|" /usr/bin/grep micro "|" /usr/bin/grep shell "|" /usr/bin/grep micro "|" /usr/bin/grep micro "|" /usr/bin/grep micro "|" /usr/bin/grep micro "|" /usr/bin/grep micro "|" /usr/bin/grep micro "|" /usr/bin/grep micro "|" /usr/bin/grep micro "|" /usr/bin/grep micro "|" /usr/bin/grep micro "|" /usr/bin/grep micro "|" /usr/bin/grep micro "|" /usr/bin/grep micro "|" /usr/bin/grep micro "|" /usr/bin/grep micro "|" /usr/bin/grep micro "|" /usr/bin/grep micro "|" /usr/bin/grep micro "|" /usr/bin/grep micro "|" /usr/bin/grep micro "|" /usr/bin/grep micro "|" /usr/bin/grep micro "|" /usr/bin/grep micro "|" /usr/bin/grep micro "|" /usr/bin/grep micro "|" /usr/bin/grep micro "|" /usr/bin/grep micro "|" /usr/bin/grep micro "|" /usr/bin/grep micro "|" /usr/bin/grep micro "|" /usr/bin/grep micro "|" /usr/bin/grep micro "|" /usr/bin/grep micro "|" /usr/bin/grep shell "|" /usr/bin/grep shell "|" /usr/bin/grep shell "|" /usr/bin/grep shell "|" /usr/bin/grep shell "|" /usr/bin/grep shell "|" /usr/bin/grep shell "|" /usr/bin/grep shell "|" /usr/bin/grep shell "|" /usr/bin/grep shell "|" /usr/bin/grep shell "|" /usr/bin/grep shell "|" /usr/bin/grep shell "|" /usr/bin/grep shell "|" /usr/bin/grep shell "|" /usr/bin/grep shell "|" /usr/bin/grep shell "|" /usr/bin/grep shell "|" /usr/bin/grep shell "|" /usr/bin/grep shell "|" /usr/bin/grep shell "|" /usr/bin/grep shell "|" /usr/bin/grep shell "|" /usr/bin/grep shell "|" /usr/bin/grep shell "|" /usr/bin/grep shell "|" /usr/bin/grep shell "|" /usr/bin/grep shell "|" /usr/bin/grep shell "|" /usr/bin/grep shell "|" /usr/bin/grep shell "|" /usr/bin/grep shell "|" /usr/bin/grep shell "|" /usr/bin/grep shell "|" /usr/bin/grep shell "|" /usr/bin/grep shell "|" /usr/bin/grep shell "|" /usr/bin/grep shell "|" /usr/bin/grep shell
./a.out /bin/ls ewqew "|" /usr/bin/grep micro "|" /bin/cat -n ";" /bin/echo dernier ";" /bin/echo
./a.out /bin/ls "|" /usr/bin/grep micro "|" /bin/cat -n ";" /bin/echo dernier ";" /bin/echo ftest ";"
./a.out /bin/echo ftest ";" /bin/echo ftewerwerwerst ";" /bin/echo werwerwer ";" /bin/echo qweqweqweqew ";" /bin/echo qwewqeqrtregrfyukui ";"
./a.out /bin/ls ftest ";" /bin/ls ";" /bin/ls werwer ";" /bin/ls microshell.c ";" /bin/ls subject.fr.txt ";"
./a.out /bin/ls "|" /usr/bin/grep micro ";" /bin/ls "|" /usr/bin/grep micro ";" /bin/ls "|" /usr/bin/grep micro ";" /bin/ls "|" /usr/bin/grep micro ";"
./a.out /bin/cat reserv_microsh.c "|" /usr/bin/grep a "|" /usr/bin/grep b ";" /bin/cat reserv_microsh.c ";"
./a.out /bin/cat reserv_microsh.c "|" /usr/bin/grep a "|" /usr/bin/grep w ";" /bin/cat reserv_microsh.c ";"
./a.out /bin/cat reserv_microsh.c "|" /usr/bin/grep a "|" /usr/bin/grep w ";" /bin/cat reserv_microsh.c
./a.out /bin/cat reserv_microsh.c ";" /bin/cat reserv_microsh.c "|" /usr/bin/grep a "|" /usr/bin/grep b "|" /usr/bin/grep z ";" /bin/cat reserv_microsh.c
./a.out ";" /bin/cat reserv_microsh.c ";" /bin/cat reserv_microsh.c "|" /usr/bin/grep a "|" /usr/bin/grep b "|" /usr/bin/grep z ";" /bin/cat reserv_microsh.c
./a.out blah "|" /bin/echo OK
./a.out blah "|" /bin/echo OK ";"
./a.out ";" ";" ";" ";" ";" ";" ";" ";" ";" ";" ";" ";" ";" ";" ";" ";" ";" ";" ";" ";" ";" blah "|" /bin/echo OK ";" ";" ";" ";" ";" ";" ";" ";" ";" ";" ";" ";" ";" ";" ";" ";" ";" ";" ";" ";" ";"
./a.out cd ";" /bin/ls
./a.out /bin/ls "|" /usr/bin/grep microshell "|" /usr/bin/grep micro "|" /usr/bin/grep shell "|" /usr/bin/grep micro "|" /usr/bin/grep micro "|" /usr/bin/grep micro "|" /usr/bin/grep micro "|" /usr/bin/grep micro "|" /usr/bin/grep micro "|" /usr/bin/grep micro "|" /usr/bin/grep micro "|" /usr/bin/grep micro "|" /usr/bin/grep micro "|" /usr/bin/grep micro "|" /usr/bin/grep micro "|" /usr/bin/grep micro "|" /usr/bin/grep micro "|" /usr/bin/grep micro "|" /usr/bin/grep micro "|" /usr/bin/grep micro "|" /usr/bin/grep micro "|" /usr/bin/grep micro "|" /usr/bin/grep micro "|" /usr/bin/grep micro "|" /usr/bin/grep micro "|" /usr/bin/grep micro "|" /usr/bin/grep micro "|" /usr/bin/grep micro "|" /usr/bin/grep micro "|" /usr/bin/grep micro "|" /usr/bin/grep micro "|" /usr/bin/grep micro "|" /usr/bin/grep micro "|" /usr/bin/grep micro "|" /usr/bin/grep micro "|" /usr/bin/grep micro "|" /usr/bin/grep micro "|"


        ðŸ”Ž YOUR OUTPUT:
a.out
finalexam
microshell
sourcexam
test.sh
/bin/ls: no se puede acceder a 'microshell.c': No existe el archivo o el directorio
/bin/ls: no se puede acceder a 'salut': No existe el archivo o el directorio
OK
OK
OK
OK
OK
a.out
microshell
microshell
microshell
/bin/ls: no se puede acceder a 'ewqew': No existe el archivo o el directorio
dernier

     1	microshell
dernier
ftest
ftest
ftewerwerwerst
werwerwer
qweqweqweqew
qwewqeqrtregrfyukui
/bin/ls: no se puede acceder a 'ftest': No existe el archivo o el directorio
a.out
finalexam
microshell
sourcexam
test.sh
/bin/ls: no se puede acceder a 'werwer': No existe el archivo o el directorio
/bin/ls: no se puede acceder a 'microshell.c': No existe el archivo o el directorio
/bin/ls: no se puede acceder a 'subject.fr.txt': No existe el archivo o el directorio
microshell
microshell
microshell
microshell
/bin/cat: reserv_microsh.c: No existe el archivo o el directorio
/bin/cat: reserv_microsh.c: No existe el archivo o el directorio
/bin/cat: reserv_microsh.c: No existe el archivo o el directorio
/bin/cat: reserv_microsh.c: No existe el archivo o el directorio
/bin/cat: reserv_microsh.c: No existe el archivo o el directorio
/bin/cat: reserv_microsh.c: No existe el archivo o el directorio
/bin/cat: reserv_microsh.c: No existe el archivo o el directorio
/bin/cat: reserv_microsh.c: No existe el archivo o el directorio
/bin/cat: reserv_microsh.c: No existe el archivo o el directorio
/bin/cat: reserv_microsh.c: No existe el archivo o el directorio
/bin/cat: reserv_microsh.c: No existe el archivo o el directorio
/bin/cat: reserv_microsh.c: No existe el archivo o el directorio
error: cannot execute blah
OK
error: cannot execute blah
OK
error: cannot execute blah
OK
error: cd: bad arguments 
a.out
finalexam
microshell
sourcexam
test.sh


        ðŸ— EXPECTED OUTPUT:
a.out
finalexam
microshell
sourcexam
test.sh
/bin/ls: no se puede acceder a 'microshell.c': No existe el archivo o el directorio
/bin/ls: no se puede acceder a 'salut': No existe el archivo o el directorio
OK
OK
OK
OK
OK
a.out
microshell
microshell
microshell
/bin/ls: no se puede acceder a 'ewqew': No existe el archivo o el directorio
dernier

     1	microshell
dernier
ftest
ftest
ftewerwerwerst
werwerwer
qweqweqweqew
qwewqeqrtregrfyukui
/bin/ls: no se puede acceder a 'ftest': No existe el archivo o el directorio
a.out
finalexam
microshell
sourcexam
test.sh
/bin/ls: no se puede acceder a 'werwer': No existe el archivo o el directorio
/bin/ls: no se puede acceder a 'microshell.c': No existe el archivo o el directorio
/bin/ls: no se puede acceder a 'subject.fr.txt': No existe el archivo o el directorio
microshell
microshell
microshell
microshell
/bin/cat: reserv_microsh.c: No existe el archivo o el directorio
/bin/cat: reserv_microsh.c: No existe el archivo o el directorio
/bin/cat: reserv_microsh.c: No existe el archivo o el directorio
/bin/cat: reserv_microsh.c: No existe el archivo o el directorio
/bin/cat: reserv_microsh.c: No existe el archivo o el directorio
/bin/cat: reserv_microsh.c: No existe el archivo o el directorio
/bin/cat: reserv_microsh.c: No existe el archivo o el directorio
/bin/cat: reserv_microsh.c: No existe el archivo o el directorio
/bin/cat: reserv_microsh.c: No existe el archivo o el directorio
/bin/cat: reserv_microsh.c: No existe el archivo o el directorio
/bin/cat: reserv_microsh.c: No existe el archivo o el directorio
/bin/cat: reserv_microsh.c: No existe el archivo o el directorio
error: cannot execute blah
OK
error: cannot execute blah
OK
error: cannot execute blah
OK
error: cd: bad arguments
a.out
finalexam
microshell
sourcexam
test.sh
----------------8<------------- END TEST ]
